DEBUG - 2026-06-07 09:26:31 --> Session: Class initialized using 'CodeIgniter\Session\Handlers\FileHandler' driver.
DEBUG - 2026-06-07 09:26:41 --> Session: Class initialized using 'CodeIgniter\Session\Handlers\FileHandler' driver.
DEBUG - 2026-06-07 09:26:41 --> Session: Class initialized using 'CodeIgniter\Session\Handlers\FileHandler' driver.
DEBUG - 2026-06-07 09:26:42 --> Session: Class initialized using 'CodeIgniter\Session\Handlers\FileHandler' driver.
DEBUG - 2026-06-07 09:27:03 --> Session: Class initialized using 'CodeIgniter\Session\Handlers\FileHandler' driver.
DEBUG - 2026-06-07 09:28:05 --> Session: Class initialized using 'CodeIgniter\Session\Handlers\FileHandler' driver.
DEBUG - 2026-06-07 09:28:06 --> Session: Class initialized using 'CodeIgniter\Session\Handlers\FileHandler' driver.
DEBUG - 2026-06-07 09:28:08 --> Session: Class initialized using 'CodeIgniter\Session\Handlers\FileHandler' driver.
CRITICAL - 2026-06-07 09:30:08 --> ErrorException: Uncaught ErrorException: Undefined property: Config\Format::$jsonEncodeDepth in C:\xampp\htdocs\devWebProject2526\system\Format\JSONFormatter.php:44
Stack trace:
#0 C:\xampp\htdocs\devWebProject2526\system\Format\JSONFormatter.php(44): CodeIgniter\Debug\Exceptions->errorHandler(2, 'Undefined prope...', 'C:\\xampp\\htdocs...', 44)
#1 C:\xampp\htdocs\devWebProject2526\system\API\ResponseTrait.php(352): CodeIgniter\Format\JSONFormatter->format(Array)
#2 C:\xampp\htdocs\devWebProject2526\system\API\ResponseTrait.php(111): CodeIgniter\Debug\ExceptionHandler->format(Array)
#3 C:\xampp\htdocs\devWebProject2526\system\Debug\ExceptionHandler.php(95): CodeIgniter\Debug\ExceptionHandler->respond(Array, 404)
#4 C:\xampp\htdocs\devWebProject2526\system\Debug\Exceptions.php(151): CodeIgniter\Debug\ExceptionHandler->handle(Object(CodeIgniter\Exceptions\PageNotFoundException), Object(CodeIgniter\HTTP\IncomingRequest), Object(CodeIgniter\HTTP\Response), 404, 1)
#5 [internal function]: CodeIgniter\Debug\Exceptions->exceptionHandler(Object(CodeIgniter\Exceptions\PageNotFoundException))
#6 {main}
  thrown
【Previous Exception】
CodeIgniter\Exceptions\PageNotFoundException
Can't find a route for 'GET: js/bootstrap.bundle.min.js.map'.
#0 C:\xampp\htdocs\devWebProject2526\system\CodeIgniter.php(1024): CodeIgniter\Exceptions\PageNotFoundException::forPageNotFound('Can't find a ro...')
#1 C:\xampp\htdocs\devWebProject2526\system\CodeIgniter.php(369): CodeIgniter\CodeIgniter->display404errors(Object(CodeIgniter\Exceptions\PageNotFoundException))
#2 C:\xampp\htdocs\devWebProject2526\system\Boot.php(417): CodeIgniter\CodeIgniter->run()
#3 C:\xampp\htdocs\devWebProject2526\system\Boot.php(68): CodeIgniter\Boot::runCodeIgniter(Object(CodeIgniter\CodeIgniter))
#4 C:\xampp\htdocs\devWebProject2526\public\index.php(23): CodeIgniter\Boot::bootWeb(Object(Config\Paths))
#5 {main}
[Method: GET, Route: js/bootstrap.bundle.min.js.map]
in SYSTEMPATH\Format\JSONFormatter.php on line 44.
 1 [internal function]: CodeIgniter\Debug\Exceptions->shutdownHandler()
CRITICAL - 2026-06-07 09:30:27 --> ErrorException: Uncaught ErrorException: Undefined property: Config\Format::$jsonEncodeDepth in C:\xampp\htdocs\devWebProject2526\system\Format\JSONFormatter.php:44
Stack trace:
#0 C:\xampp\htdocs\devWebProject2526\system\Format\JSONFormatter.php(44): CodeIgniter\Debug\Exceptions->errorHandler(2, 'Undefined prope...', 'C:\\xampp\\htdocs...', 44)
#1 C:\xampp\htdocs\devWebProject2526\system\API\ResponseTrait.php(352): CodeIgniter\Format\JSONFormatter->format(Array)
#2 C:\xampp\htdocs\devWebProject2526\system\API\ResponseTrait.php(111): CodeIgniter\Debug\ExceptionHandler->format(Array)
#3 C:\xampp\htdocs\devWebProject2526\system\Debug\ExceptionHandler.php(95): CodeIgniter\Debug\ExceptionHandler->respond(Array, 404)
#4 C:\xampp\htdocs\devWebProject2526\system\Debug\Exceptions.php(151): CodeIgniter\Debug\ExceptionHandler->handle(Object(CodeIgniter\Exceptions\PageNotFoundException), Object(CodeIgniter\HTTP\IncomingRequest), Object(CodeIgniter\HTTP\Response), 404, 1)
#5 [internal function]: CodeIgniter\Debug\Exceptions->exceptionHandler(Object(CodeIgniter\Exceptions\PageNotFoundException))
#6 {main}
  thrown
【Previous Exception】
CodeIgniter\Exceptions\PageNotFoundException
Can't find a route for 'GET: js/bootstrap.bundle.min.js.map'.
#0 C:\xampp\htdocs\devWebProject2526\system\CodeIgniter.php(1024): CodeIgniter\Exceptions\PageNotFoundException::forPageNotFound('Can't find a ro...')
#1 C:\xampp\htdocs\devWebProject2526\system\CodeIgniter.php(369): CodeIgniter\CodeIgniter->display404errors(Object(CodeIgniter\Exceptions\PageNotFoundException))
#2 C:\xampp\htdocs\devWebProject2526\system\Boot.php(417): CodeIgniter\CodeIgniter->run()
#3 C:\xampp\htdocs\devWebProject2526\system\Boot.php(68): CodeIgniter\Boot::runCodeIgniter(Object(CodeIgniter\CodeIgniter))
#4 C:\xampp\htdocs\devWebProject2526\public\index.php(23): CodeIgniter\Boot::bootWeb(Object(Config\Paths))
#5 {main}
[Method: GET, Route: js/bootstrap.bundle.min.js.map]
in SYSTEMPATH\Format\JSONFormatter.php on line 44.
 1 [internal function]: CodeIgniter\Debug\Exceptions->shutdownHandler()
DEBUG - 2026-06-07 09:39:06 --> Session: Class initialized using 'CodeIgniter\Session\Handlers\FileHandler' driver.
CRITICAL - 2026-06-07 09:39:07 --> CodeIgniter\View\Exceptions\ViewException: Invalid file: "admin/teacher/modals.php"
[Method: GET, Route: admin/dashboard]
in SYSTEMPATH\Exceptions\FrameworkException.php on line 39.
 1 SYSTEMPATH\View\View.php(228): CodeIgniter\Exceptions\FrameworkException::forInvalidFile('admin/teacher/modals.php')
 2 SYSTEMPATH\View\View.php(489): CodeIgniter\View\View->render('admin/teacher/modals', null, true)
 3 APPPATH\Views\admin\dashboard.php(111): CodeIgniter\View\View->include('admin/teacher/modals')
 4 SYSTEMPATH\View\View.php(240): include('C:\\xampp\\htdocs\\devWebProject2526\\app\\Views\\admin\\dashboard.php')
 5 SYSTEMPATH\View\View.php(243): CodeIgniter\View\View->CodeIgniter\View\{closure}()
 6 SYSTEMPATH\Common.php(1254): CodeIgniter\View\View->render('admin/dashboard', [], true)
 7 APPPATH\Controllers\Admin\Dashboard.php(53): view('admin/dashboard', [...])
 8 SYSTEMPATH\CodeIgniter.php(974): App\Controllers\Admin\Dashboard->index()
 9 SYSTEMPATH\CodeIgniter.php(520): CodeIgniter\CodeIgniter->runController(Object(App\Controllers\Admin\Dashboard))
10 SYSTEMPATH\CodeIgniter.php(363): CodeIgniter\CodeIgniter->handleRequest(null, Object(Config\Cache), false)
11 SYSTEMPATH\Boot.php(417): CodeIgniter\CodeIgniter->run()
12 SYSTEMPATH\Boot.php(68): CodeIgniter\Boot::runCodeIgniter(Object(CodeIgniter\CodeIgniter))
13 FCPATH\index.php(23): CodeIgniter\Boot::bootWeb(Object(Config\Paths))
DEBUG - 2026-06-07 09:40:37 --> Session: Class initialized using 'CodeIgniter\Session\Handlers\FileHandler' driver.
CRITICAL - 2026-06-07 09:40:38 --> ErrorException: Uncaught ErrorException: Undefined property: Config\Format::$jsonEncodeDepth in C:\xampp\htdocs\devWebProject2526\system\Format\JSONFormatter.php:44
Stack trace:
#0 C:\xampp\htdocs\devWebProject2526\system\Format\JSONFormatter.php(44): CodeIgniter\Debug\Exceptions->errorHandler(2, 'Undefined prope...', 'C:\\xampp\\htdocs...', 44)
#1 C:\xampp\htdocs\devWebProject2526\system\API\ResponseTrait.php(352): CodeIgniter\Format\JSONFormatter->format(Array)
#2 C:\xampp\htdocs\devWebProject2526\system\API\ResponseTrait.php(111): CodeIgniter\Debug\ExceptionHandler->format(Array)
#3 C:\xampp\htdocs\devWebProject2526\system\Debug\ExceptionHandler.php(95): CodeIgniter\Debug\ExceptionHandler->respond(Array, 404)
#4 C:\xampp\htdocs\devWebProject2526\system\Debug\Exceptions.php(151): CodeIgniter\Debug\ExceptionHandler->handle(Object(CodeIgniter\Exceptions\PageNotFoundException), Object(CodeIgniter\HTTP\IncomingRequest), Object(CodeIgniter\HTTP\Response), 404, 1)
#5 [internal function]: CodeIgniter\Debug\Exceptions->exceptionHandler(Object(CodeIgniter\Exceptions\PageNotFoundException))
#6 {main}
  thrown
【Previous Exception】
CodeIgniter\Exceptions\PageNotFoundException
Can't find a route for 'GET: js/bootstrap.bundle.min.js.map'.
#0 C:\xampp\htdocs\devWebProject2526\system\CodeIgniter.php(1024): CodeIgniter\Exceptions\PageNotFoundException::forPageNotFound('Can't find a ro...')
#1 C:\xampp\htdocs\devWebProject2526\system\CodeIgniter.php(369): CodeIgniter\CodeIgniter->display404errors(Object(CodeIgniter\Exceptions\PageNotFoundException))
#2 C:\xampp\htdocs\devWebProject2526\system\Boot.php(417): CodeIgniter\CodeIgniter->run()
#3 C:\xampp\htdocs\devWebProject2526\system\Boot.php(68): CodeIgniter\Boot::runCodeIgniter(Object(CodeIgniter\CodeIgniter))
#4 C:\xampp\htdocs\devWebProject2526\public\index.php(23): CodeIgniter\Boot::bootWeb(Object(Config\Paths))
#5 {main}
[Method: GET, Route: js/bootstrap.bundle.min.js.map]
in SYSTEMPATH\Format\JSONFormatter.php on line 44.
 1 [internal function]: CodeIgniter\Debug\Exceptions->shutdownHandler()
DEBUG - 2026-06-07 09:40:50 --> Session: Class initialized using 'CodeIgniter\Session\Handlers\FileHandler' driver.
DEBUG - 2026-06-07 09:40:50 --> Session: Class initialized using 'CodeIgniter\Session\Handlers\FileHandler' driver.
DEBUG - 2026-06-07 09:52:34 --> Session: Class initialized using 'CodeIgniter\Session\Handlers\FileHandler' driver.
CRITICAL - 2026-06-07 09:52:36 --> CodeIgniter\View\Exceptions\ViewException: Invalid file: "admin/payment/index.php"
[Method: GET, Route: admin/payment]
in SYSTEMPATH\Exceptions\FrameworkException.php on line 39.
 1 SYSTEMPATH\View\View.php(228): CodeIgniter\Exceptions\FrameworkException::forInvalidFile('admin/payment/index.php')
 2 SYSTEMPATH\Common.php(1254): CodeIgniter\View\View->render('admin/payment/index', [], true)
 3 APPPATH\Controllers\Admin\Payment.php(19): view('admin/payment/index', [...])
 4 SYSTEMPATH\CodeIgniter.php(974): App\Controllers\Admin\Payment->index()
 5 SYSTEMPATH\CodeIgniter.php(520): CodeIgniter\CodeIgniter->runController(Object(App\Controllers\Admin\Payment))
 6 SYSTEMPATH\CodeIgniter.php(363): CodeIgniter\CodeIgniter->handleRequest(null, Object(Config\Cache), false)
 7 SYSTEMPATH\Boot.php(417): CodeIgniter\CodeIgniter->run()
 8 SYSTEMPATH\Boot.php(68): CodeIgniter\Boot::runCodeIgniter(Object(CodeIgniter\CodeIgniter))
 9 FCPATH\index.php(23): CodeIgniter\Boot::bootWeb(Object(Config\Paths))
CRITICAL - 2026-06-07 09:52:36 --> ErrorException: Uncaught ErrorException: Undefined property: Config\Format::$jsonEncodeDepth in C:\xampp\htdocs\devWebProject2526\system\Format\JSONFormatter.php:44
Stack trace:
#0 C:\xampp\htdocs\devWebProject2526\system\Format\JSONFormatter.php(44): CodeIgniter\Debug\Exceptions->errorHandler(2, 'Undefined prope...', 'C:\\xampp\\htdocs...', 44)
#1 C:\xampp\htdocs\devWebProject2526\system\API\ResponseTrait.php(352): CodeIgniter\Format\JSONFormatter->format(Array)
#2 C:\xampp\htdocs\devWebProject2526\system\API\ResponseTrait.php(111): CodeIgniter\Debug\ExceptionHandler->format(Array)
#3 C:\xampp\htdocs\devWebProject2526\system\Debug\ExceptionHandler.php(95): CodeIgniter\Debug\ExceptionHandler->respond(Array, 500)
#4 C:\xampp\htdocs\devWebProject2526\system\Debug\Exceptions.php(151): CodeIgniter\Debug\ExceptionHandler->handle(Object(CodeIgniter\View\Exceptions\ViewException), Object(CodeIgniter\HTTP\IncomingRequest), Object(CodeIgniter\HTTP\Response), 500, 1)
#5 [internal function]: CodeIgniter\Debug\Exceptions->exceptionHandler(Object(CodeIgniter\View\Exceptions\ViewException))
#6 {main}
  thrown
【Previous Exception】
CodeIgniter\View\Exceptions\ViewException
Invalid file: "admin/payment/index.php"
#0 C:\xampp\htdocs\devWebProject2526\system\View\View.php(228): CodeIgniter\Exceptions\FrameworkException::forInvalidFile('admin/payment/i...')
#1 C:\xampp\htdocs\devWebProject2526\system\Common.php(1254): CodeIgniter\View\View->render('admin/payment/i...', Array, true)
#2 C:\xampp\htdocs\devWebProject2526\app\Controllers\Admin\Payment.php(19): view('admin/payment/i...', Array)
#3 C:\xampp\htdocs\devWebProject2526\system\CodeIgniter.php(974): App\Controllers\Admin\Payment->index()
#4 C:\xampp\htdocs\devWebProject2526\system\CodeIgniter.php(520): CodeIgniter\CodeIgniter->runController(Object(App\Controllers\Admin\Payment))
#5 C:\xampp\htdocs\devWebProject2526\system\CodeIgniter.php(363): CodeIgniter\CodeIgniter->handleRequest(NULL, Object(Config\Cache), false)
#6 C:\xampp\htdocs\devWebProject2526\system\Boot.php(417): CodeIgniter\CodeIgniter->run()
#7 C:\xampp\htdocs\devWebProject2526\system\Boot.php(68): CodeIgniter\Boot::runCodeIgniter(Object(CodeIgniter\CodeIgniter))
#8 C:\xampp\htdocs\devWebProject2526\public\index.php(23): CodeIgniter\Boot::bootWeb(Object(Config\Paths))
#9 {main}
[Method: GET, Route: admin/payment]
in SYSTEMPATH\Format\JSONFormatter.php on line 44.
 1 [internal function]: CodeIgniter\Debug\Exceptions->shutdownHandler()
DEBUG - 2026-06-07 10:19:04 --> Session: Class initialized using 'CodeIgniter\Session\Handlers\FileHandler' driver.
DEBUG - 2026-06-07 10:19:57 --> Session: Class initialized using 'CodeIgniter\Session\Handlers\FileHandler' driver.
DEBUG - 2026-06-07 10:20:00 --> Session: Class initialized using 'CodeIgniter\Session\Handlers\FileHandler' driver.
DEBUG - 2026-06-07 10:22:34 --> Session: Class initialized using 'CodeIgniter\Session\Handlers\FileHandler' driver.
DEBUG - 2026-06-07 10:22:46 --> Session: Class initialized using 'CodeIgniter\Session\Handlers\FileHandler' driver.
DEBUG - 2026-06-07 10:31:50 --> Session: Class initialized using 'CodeIgniter\Session\Handlers\FileHandler' driver.
DEBUG - 2026-06-07 10:31:58 --> Session: Class initialized using 'CodeIgniter\Session\Handlers\FileHandler' driver.
DEBUG - 2026-06-07 10:32:07 --> Session: Class initialized using 'CodeIgniter\Session\Handlers\FileHandler' driver.
DEBUG - 2026-06-07 10:33:53 --> Session: Class initialized using 'CodeIgniter\Session\Handlers\FileHandler' driver.
CRITICAL - 2026-06-07 10:33:53 --> ErrorException: Undefined variable $students
[Method: GET, Route: admin/dashboard]
in APPPATH\Views\admin\student\modals.php on line 24.
 1 APPPATH\Views\admin\student\modals.php(24): CodeIgniter\Debug\Exceptions->errorHandler(2, 'Undefined variable $students', 'C:\\xampp\\htdocs\\devWebProject2526\\app\\Views\\admin\\student\\modals.php', 24)
 2 SYSTEMPATH\View\View.php(240): include('C:\\xampp\\htdocs\\devWebProject2526\\app\\Views\\admin\\student\\modals.php')
 3 SYSTEMPATH\View\View.php(243): CodeIgniter\View\View->CodeIgniter\View\{closure}()
 4 SYSTEMPATH\View\View.php(489): CodeIgniter\View\View->render('admin/student/modals', null, true)
 5 APPPATH\Views\admin\dashboard.php(112): CodeIgniter\View\View->include('admin/student/modals')
 6 SYSTEMPATH\View\View.php(240): include('C:\\xampp\\htdocs\\devWebProject2526\\app\\Views\\admin\\dashboard.php')
 7 SYSTEMPATH\View\View.php(243): CodeIgniter\View\View->CodeIgniter\View\{closure}()
 8 SYSTEMPATH\Common.php(1254): CodeIgniter\View\View->render('admin/dashboard', [], true)
 9 APPPATH\Controllers\Admin\Dashboard.php(53): view('admin/dashboard', [...])
10 SYSTEMPATH\CodeIgniter.php(974): App\Controllers\Admin\Dashboard->index()
11 SYSTEMPATH\CodeIgniter.php(520): CodeIgniter\CodeIgniter->runController(Object(App\Controllers\Admin\Dashboard))
12 SYSTEMPATH\CodeIgniter.php(363): CodeIgniter\CodeIgniter->handleRequest(null, Object(Config\Cache), false)
13 SYSTEMPATH\Boot.php(417): CodeIgniter\CodeIgniter->run()
14 SYSTEMPATH\Boot.php(68): CodeIgniter\Boot::runCodeIgniter(Object(CodeIgniter\CodeIgniter))
15 FCPATH\index.php(23): CodeIgniter\Boot::bootWeb(Object(Config\Paths))
DEBUG - 2026-06-07 10:33:59 --> Session: Class initialized using 'CodeIgniter\Session\Handlers\FileHandler' driver.
CRITICAL - 2026-06-07 10:33:59 --> ErrorException: Undefined variable $students
[Method: GET, Route: admin/dashboard]
in APPPATH\Views\admin\student\modals.php on line 24.
 1 APPPATH\Views\admin\student\modals.php(24): CodeIgniter\Debug\Exceptions->errorHandler(2, 'Undefined variable $students', 'C:\\xampp\\htdocs\\devWebProject2526\\app\\Views\\admin\\student\\modals.php', 24)
 2 SYSTEMPATH\View\View.php(240): include('C:\\xampp\\htdocs\\devWebProject2526\\app\\Views\\admin\\student\\modals.php')
 3 SYSTEMPATH\View\View.php(243): CodeIgniter\View\View->CodeIgniter\View\{closure}()
 4 SYSTEMPATH\View\View.php(489): CodeIgniter\View\View->render('admin/student/modals', null, true)
 5 APPPATH\Views\admin\dashboard.php(112): CodeIgniter\View\View->include('admin/student/modals')
 6 SYSTEMPATH\View\View.php(240): include('C:\\xampp\\htdocs\\devWebProject2526\\app\\Views\\admin\\dashboard.php')
 7 SYSTEMPATH\View\View.php(243): CodeIgniter\View\View->CodeIgniter\View\{closure}()
 8 SYSTEMPATH\Common.php(1254): CodeIgniter\View\View->render('admin/dashboard', [], true)
 9 APPPATH\Controllers\Admin\Dashboard.php(53): view('admin/dashboard', [...])
10 SYSTEMPATH\CodeIgniter.php(974): App\Controllers\Admin\Dashboard->index()
11 SYSTEMPATH\CodeIgniter.php(520): CodeIgniter\CodeIgniter->runController(Object(App\Controllers\Admin\Dashboard))
12 SYSTEMPATH\CodeIgniter.php(363): CodeIgniter\CodeIgniter->handleRequest(null, Object(Config\Cache), false)
13 SYSTEMPATH\Boot.php(417): CodeIgniter\CodeIgniter->run()
14 SYSTEMPATH\Boot.php(68): CodeIgniter\Boot::runCodeIgniter(Object(CodeIgniter\CodeIgniter))
15 FCPATH\index.php(23): CodeIgniter\Boot::bootWeb(Object(Config\Paths))
DEBUG - 2026-06-07 10:35:13 --> Session: Class initialized using 'CodeIgniter\Session\Handlers\FileHandler' driver.
CRITICAL - 2026-06-07 10:35:36 --> ErrorException: Undefined property: Config\Format::$jsonEncodeDepth
[Method: POST, Route: admin/student/update]
in SYSTEMPATH\Format\JSONFormatter.php on line 44.
 1 SYSTEMPATH\Format\JSONFormatter.php(44): CodeIgniter\Debug\Exceptions->errorHandler(2, 'Undefined property: Config\\Format::$jsonEncodeDepth', 'C:\\xampp\\htdocs\\devWebProject2526\\system\\Format\\JSONFormatter.php', 44)
 2 SYSTEMPATH\HTTP\ResponseTrait.php(252): CodeIgniter\Format\JSONFormatter->format([...])
 3 SYSTEMPATH\HTTP\ResponseTrait.php(178): CodeIgniter\HTTP\Response->formatBody([...], 'json')
 4 APPPATH\Controllers\Admin\Student.php(63): CodeIgniter\HTTP\Response->setJSON([...])
 5 SYSTEMPATH\CodeIgniter.php(974): App\Controllers\Admin\Student->updateStudent()
 6 SYSTEMPATH\CodeIgniter.php(520): CodeIgniter\CodeIgniter->runController(Object(App\Controllers\Admin\Student))
 7 SYSTEMPATH\CodeIgniter.php(363): CodeIgniter\CodeIgniter->handleRequest(null, Object(Config\Cache), false)
 8 SYSTEMPATH\Boot.php(417): CodeIgniter\CodeIgniter->run()
 9 SYSTEMPATH\Boot.php(68): CodeIgniter\Boot::runCodeIgniter(Object(CodeIgniter\CodeIgniter))
10 FCPATH\index.php(23): CodeIgniter\Boot::bootWeb(Object(Config\Paths))
CRITICAL - 2026-06-07 10:35:36 --> ErrorException: Uncaught ErrorException: Undefined property: Config\Format::$jsonEncodeDepth in C:\xampp\htdocs\devWebProject2526\system\Format\JSONFormatter.php:44
Stack trace:
#0 C:\xampp\htdocs\devWebProject2526\system\Format\JSONFormatter.php(44): CodeIgniter\Debug\Exceptions->errorHandler(2, 'Undefined prope...', 'C:\\xampp\\htdocs...', 44)
#1 C:\xampp\htdocs\devWebProject2526\system\API\ResponseTrait.php(352): CodeIgniter\Format\JSONFormatter->format(Array)
#2 C:\xampp\htdocs\devWebProject2526\system\API\ResponseTrait.php(111): CodeIgniter\Debug\ExceptionHandler->format(Array)
#3 C:\xampp\htdocs\devWebProject2526\system\Debug\ExceptionHandler.php(95): CodeIgniter\Debug\ExceptionHandler->respond(Array, 500)
#4 C:\xampp\htdocs\devWebProject2526\system\Debug\Exceptions.php(151): CodeIgniter\Debug\ExceptionHandler->handle(Object(ErrorException), Object(CodeIgniter\HTTP\IncomingRequest), Object(CodeIgniter\HTTP\Response), 500, 1)
#5 [internal function]: CodeIgniter\Debug\Exceptions->exceptionHandler(Object(ErrorException))
#6 {main}
  thrown
【Previous Exception】
ErrorException
Undefined property: Config\Format::$jsonEncodeDepth
#0 C:\xampp\htdocs\devWebProject2526\system\Format\JSONFormatter.php(44): CodeIgniter\Debug\Exceptions->errorHandler(2, 'Undefined prope...', 'C:\\xampp\\htdocs...', 44)
#1 C:\xampp\htdocs\devWebProject2526\system\HTTP\ResponseTrait.php(252): CodeIgniter\Format\JSONFormatter->format(Array)
#2 C:\xampp\htdocs\devWebProject2526\system\HTTP\ResponseTrait.php(178): CodeIgniter\HTTP\Response->formatBody(Array, 'json')
#3 C:\xampp\htdocs\devWebProject2526\app\Controllers\Admin\Student.php(63): CodeIgniter\HTTP\Response->setJSON(Array)
#4 C:\xampp\htdocs\devWebProject2526\system\CodeIgniter.php(974): App\Controllers\Admin\Student->updateStudent()
#5 C:\xampp\htdocs\devWebProject2526\system\CodeIgniter.php(520): CodeIgniter\CodeIgniter->runController(Object(App\Controllers\Admin\Student))
#6 C:\xampp\htdocs\devWebProject2526\system\CodeIgniter.php(363): CodeIgniter\CodeIgniter->handleRequest(NULL, Object(Config\Cache), false)
#7 C:\xampp\htdocs\devWebProject2526\system\Boot.php(417): CodeIgniter\CodeIgniter->run()
#8 C:\xampp\htdocs\devWebProject2526\system\Boot.php(68): CodeIgniter\Boot::runCodeIgniter(Object(CodeIgniter\CodeIgniter))
#9 C:\xampp\htdocs\devWebProject2526\public\index.php(23): CodeIgniter\Boot::bootWeb(Object(Config\Paths))
#10 {main}
[Method: POST, Route: admin/student/update]
in SYSTEMPATH\Format\JSONFormatter.php on line 44.
 1 [internal function]: CodeIgniter\Debug\Exceptions->shutdownHandler()
DEBUG - 2026-06-07 10:36:19 --> Session: Class initialized using 'CodeIgniter\Session\Handlers\FileHandler' driver.
DEBUG - 2026-06-07 10:36:19 --> Session: Class initialized using 'CodeIgniter\Session\Handlers\FileHandler' driver.
DEBUG - 2026-06-07 10:36:21 --> Session: Class initialized using 'CodeIgniter\Session\Handlers\FileHandler' driver.
CRITICAL - 2026-06-07 10:36:38 --> ErrorException: Undefined property: Config\Format::$jsonEncodeDepth
[Method: POST, Route: admin/student/update]
in SYSTEMPATH\Format\JSONFormatter.php on line 44.
 1 SYSTEMPATH\Format\JSONFormatter.php(44): CodeIgniter\Debug\Exceptions->errorHandler(2, 'Undefined property: Config\\Format::$jsonEncodeDepth', 'C:\\xampp\\htdocs\\devWebProject2526\\system\\Format\\JSONFormatter.php', 44)
 2 SYSTEMPATH\HTTP\ResponseTrait.php(252): CodeIgniter\Format\JSONFormatter->format([...])
 3 SYSTEMPATH\HTTP\ResponseTrait.php(178): CodeIgniter\HTTP\Response->formatBody([...], 'json')
 4 APPPATH\Controllers\Admin\Student.php(63): CodeIgniter\HTTP\Response->setJSON([...])
 5 SYSTEMPATH\CodeIgniter.php(974): App\Controllers\Admin\Student->updateStudent()
 6 SYSTEMPATH\CodeIgniter.php(520): CodeIgniter\CodeIgniter->runController(Object(App\Controllers\Admin\Student))
 7 SYSTEMPATH\CodeIgniter.php(363): CodeIgniter\CodeIgniter->handleRequest(null, Object(Config\Cache), false)
 8 SYSTEMPATH\Boot.php(417): CodeIgniter\CodeIgniter->run()
 9 SYSTEMPATH\Boot.php(68): CodeIgniter\Boot::runCodeIgniter(Object(CodeIgniter\CodeIgniter))
10 FCPATH\index.php(23): CodeIgniter\Boot::bootWeb(Object(Config\Paths))
CRITICAL - 2026-06-07 10:36:38 --> ErrorException: Uncaught ErrorException: Undefined property: Config\Format::$jsonEncodeDepth in C:\xampp\htdocs\devWebProject2526\system\Format\JSONFormatter.php:44
Stack trace:
#0 C:\xampp\htdocs\devWebProject2526\system\Format\JSONFormatter.php(44): CodeIgniter\Debug\Exceptions->errorHandler(2, 'Undefined prope...', 'C:\\xampp\\htdocs...', 44)
#1 C:\xampp\htdocs\devWebProject2526\system\API\ResponseTrait.php(352): CodeIgniter\Format\JSONFormatter->format(Array)
#2 C:\xampp\htdocs\devWebProject2526\system\API\ResponseTrait.php(111): CodeIgniter\Debug\ExceptionHandler->format(Array)
#3 C:\xampp\htdocs\devWebProject2526\system\Debug\ExceptionHandler.php(95): CodeIgniter\Debug\ExceptionHandler->respond(Array, 500)
#4 C:\xampp\htdocs\devWebProject2526\system\Debug\Exceptions.php(151): CodeIgniter\Debug\ExceptionHandler->handle(Object(ErrorException), Object(CodeIgniter\HTTP\IncomingRequest), Object(CodeIgniter\HTTP\Response), 500, 1)
#5 [internal function]: CodeIgniter\Debug\Exceptions->exceptionHandler(Object(ErrorException))
#6 {main}
  thrown
【Previous Exception】
ErrorException
Undefined property: Config\Format::$jsonEncodeDepth
#0 C:\xampp\htdocs\devWebProject2526\system\Format\JSONFormatter.php(44): CodeIgniter\Debug\Exceptions->errorHandler(2, 'Undefined prope...', 'C:\\xampp\\htdocs...', 44)
#1 C:\xampp\htdocs\devWebProject2526\system\HTTP\ResponseTrait.php(252): CodeIgniter\Format\JSONFormatter->format(Array)
#2 C:\xampp\htdocs\devWebProject2526\system\HTTP\ResponseTrait.php(178): CodeIgniter\HTTP\Response->formatBody(Array, 'json')
#3 C:\xampp\htdocs\devWebProject2526\app\Controllers\Admin\Student.php(63): CodeIgniter\HTTP\Response->setJSON(Array)
#4 C:\xampp\htdocs\devWebProject2526\system\CodeIgniter.php(974): App\Controllers\Admin\Student->updateStudent()
#5 C:\xampp\htdocs\devWebProject2526\system\CodeIgniter.php(520): CodeIgniter\CodeIgniter->runController(Object(App\Controllers\Admin\Student))
#6 C:\xampp\htdocs\devWebProject2526\system\CodeIgniter.php(363): CodeIgniter\CodeIgniter->handleRequest(NULL, Object(Config\Cache), false)
#7 C:\xampp\htdocs\devWebProject2526\system\Boot.php(417): CodeIgniter\CodeIgniter->run()
#8 C:\xampp\htdocs\devWebProject2526\system\Boot.php(68): CodeIgniter\Boot::runCodeIgniter(Object(CodeIgniter\CodeIgniter))
#9 C:\xampp\htdocs\devWebProject2526\public\index.php(23): CodeIgniter\Boot::bootWeb(Object(Config\Paths))
#10 {main}
[Method: POST, Route: admin/student/update]
in SYSTEMPATH\Format\JSONFormatter.php on line 44.
 1 [internal function]: CodeIgniter\Debug\Exceptions->shutdownHandler()
DEBUG - 2026-06-07 15:52:48 --> Session: Class initialized using 'CodeIgniter\Session\Handlers\FileHandler' driver.
DEBUG - 2026-06-07 15:52:48 --> Session: Class initialized using 'CodeIgniter\Session\Handlers\FileHandler' driver.
DEBUG - 2026-06-07 15:52:52 --> Session: Class initialized using 'CodeIgniter\Session\Handlers\FileHandler' driver.
DEBUG - 2026-06-07 15:52:53 --> Session: Class initialized using 'CodeIgniter\Session\Handlers\FileHandler' driver.
DEBUG - 2026-06-07 15:52:53 --> Session: Class initialized using 'CodeIgniter\Session\Handlers\FileHandler' driver.
DEBUG - 2026-06-07 16:05:30 --> Session: Class initialized using 'CodeIgniter\Session\Handlers\FileHandler' driver.
DEBUG - 2026-06-07 16:06:42 --> Session: Class initialized using 'CodeIgniter\Session\Handlers\FileHandler' driver.
DEBUG - 2026-06-07 16:07:17 --> Session: Class initialized using 'CodeIgniter\Session\Handlers\FileHandler' driver.
DEBUG - 2026-06-07 16:08:07 --> Session: Class initialized using 'CodeIgniter\Session\Handlers\FileHandler' driver.
DEBUG - 2026-06-07 16:08:43 --> Session: Class initialized using 'CodeIgniter\Session\Handlers\FileHandler' driver.
DEBUG - 2026-06-07 16:08:59 --> Session: Class initialized using 'CodeIgniter\Session\Handlers\FileHandler' driver.
DEBUG - 2026-06-07 16:09:08 --> Session: Class initialized using 'CodeIgniter\Session\Handlers\FileHandler' driver.
DEBUG - 2026-06-07 16:09:44 --> Session: Class initialized using 'CodeIgniter\Session\Handlers\FileHandler' driver.
DEBUG - 2026-06-07 16:09:45 --> Session: Class initialized using 'CodeIgniter\Session\Handlers\FileHandler' driver.
DEBUG - 2026-06-07 16:10:30 --> Session: Class initialized using 'CodeIgniter\Session\Handlers\FileHandler' driver.
DEBUG - 2026-06-07 16:22:16 --> Session: Class initialized using 'CodeIgniter\Session\Handlers\FileHandler' driver.
DEBUG - 2026-06-07 16:22:19 --> Session: Class initialized using 'CodeIgniter\Session\Handlers\FileHandler' driver.
DEBUG - 2026-06-07 16:22:47 --> Session: Class initialized using 'CodeIgniter\Session\Handlers\FileHandler' driver.
DEBUG - 2026-06-07 16:22:47 --> Session: Class initialized using 'CodeIgniter\Session\Handlers\FileHandler' driver.
DEBUG - 2026-06-07 16:24:42 --> Session: Class initialized using 'CodeIgniter\Session\Handlers\FileHandler' driver.
DEBUG - 2026-06-07 16:25:51 --> Session: Class initialized using 'CodeIgniter\Session\Handlers\FileHandler' driver.
DEBUG - 2026-06-07 16:26:51 --> Session: Class initialized using 'CodeIgniter\Session\Handlers\FileHandler' driver.
ERROR - 2026-06-07 16:30:37 --> Duplicate entry '' for key 'num_tel'
in SYSTEMPATH\Database\MySQLi\Connection.php on line 300.
 1 SYSTEMPATH\Database\MySQLi\Connection.php(300): mysqli->query('INSERT INTO `eleve` (`nom`, `prenom`, `email`, `mdp`, `num_tel`) VALUES (\'Shiomi\', \'Kotone\', \'k.shiomi@atlus.com\', \'$2y$10$yCF.JGWA8hrRKZRRtLAoYudQ9ZhdsnIElJwX3GpnFbwsei5/8UcnS\', \'\')', 0)
 2 SYSTEMPATH\Database\BaseConnection.php(908): CodeIgniter\Database\MySQLi\Connection->execute('INSERT INTO `eleve` (`nom`, `prenom`, `email`, `mdp`, `num_tel`) VALUES (\'Shiomi\', \'Kotone\', \'k.shiomi@atlus.com\', \'$2y$10$yCF.JGWA8hrRKZRRtLAoYudQ9ZhdsnIElJwX3GpnFbwsei5/8UcnS\', \'\')')
 3 SYSTEMPATH\Database\BaseConnection.php(825): CodeIgniter\Database\BaseConnection->simpleQuery('INSERT INTO `eleve` (`nom`, `prenom`, `email`, `mdp`, `num_tel`) VALUES (\'Shiomi\', \'Kotone\', \'k.shiomi@atlus.com\', \'$2y$10$yCF.JGWA8hrRKZRRtLAoYudQ9ZhdsnIElJwX3GpnFbwsei5/8UcnS\', \'\')')
 4 SYSTEMPATH\Database\BaseBuilder.php(2343): CodeIgniter\Database\BaseConnection->query('INSERT INTO `eleve` (`nom`, `prenom`, `email`, `mdp`, `num_tel`) VALUES (:nom:, :prenom:, :email:, :mdp:, :num_tel:)', [...], false)
 5 SYSTEMPATH\Model.php(357): CodeIgniter\Database\BaseBuilder->insert()
 6 SYSTEMPATH\BaseModel.php(899): CodeIgniter\Model->doInsert([...])
 7 SYSTEMPATH\Model.php(670): CodeIgniter\BaseModel->insert([...], true)
 8 APPPATH\Controllers\Admin\Student.php(30): CodeIgniter\Model->insert([...])
 9 SYSTEMPATH\CodeIgniter.php(974): App\Controllers\Admin\Student->createStudent()
10 SYSTEMPATH\CodeIgniter.php(520): CodeIgniter\CodeIgniter->runController(Object(App\Controllers\Admin\Student))
11 SYSTEMPATH\CodeIgniter.php(363): CodeIgniter\CodeIgniter->handleRequest(null, Object(Config\Cache), false)
12 SYSTEMPATH\Boot.php(417): CodeIgniter\CodeIgniter->run()
13 SYSTEMPATH\Boot.php(68): CodeIgniter\Boot::runCodeIgniter(Object(CodeIgniter\CodeIgniter))
14 FCPATH\index.php(23): CodeIgniter\Boot::bootWeb(Object(Config\Paths))
CRITICAL - 2026-06-07 16:30:37 --> CodeIgniter\Database\Exceptions\DatabaseException: Duplicate entry '' for key 'num_tel'
[Method: POST, Route: admin/student/create]
in SYSTEMPATH\Database\BaseConnection.php on line 863.
 1 SYSTEMPATH\Database\BaseBuilder.php(2343): CodeIgniter\Database\BaseConnection->query('INSERT INTO `eleve` (`nom`, `prenom`, `email`, `mdp`, `num_tel`) VALUES (:nom:, :prenom:, :email:, :mdp:, :num_tel:)', [...], false)
 2 SYSTEMPATH\Model.php(357): CodeIgniter\Database\BaseBuilder->insert()
 3 SYSTEMPATH\BaseModel.php(899): CodeIgniter\Model->doInsert([...])
 4 SYSTEMPATH\Model.php(670): CodeIgniter\BaseModel->insert([...], true)
 5 APPPATH\Controllers\Admin\Student.php(30): CodeIgniter\Model->insert([...])
 6 SYSTEMPATH\CodeIgniter.php(974): App\Controllers\Admin\Student->createStudent()
 7 SYSTEMPATH\CodeIgniter.php(520): CodeIgniter\CodeIgniter->runController(Object(App\Controllers\Admin\Student))
 8 SYSTEMPATH\CodeIgniter.php(363): CodeIgniter\CodeIgniter->handleRequest(null, Object(Config\Cache), false)
 9 SYSTEMPATH\Boot.php(417): CodeIgniter\CodeIgniter->run()
10 SYSTEMPATH\Boot.php(68): CodeIgniter\Boot::runCodeIgniter(Object(CodeIgniter\CodeIgniter))
11 FCPATH\index.php(23): CodeIgniter\Boot::bootWeb(Object(Config\Paths))
CRITICAL - 2026-06-07 16:30:37 --> [Caused by] CodeIgniter\Database\Exceptions\DatabaseException: Duplicate entry '' for key 'num_tel'
in SYSTEMPATH\Database\MySQLi\Connection.php on line 310.
 1 SYSTEMPATH\Database\BaseConnection.php(908): CodeIgniter\Database\MySQLi\Connection->execute('INSERT INTO `eleve` (`nom`, `prenom`, `email`, `mdp`, `num_tel`) VALUES (\'Shiomi\', \'Kotone\', \'k.shiomi@atlus.com\', \'$2y$10$yCF.JGWA8hrRKZRRtLAoYudQ9ZhdsnIElJwX3GpnFbwsei5/8UcnS\', \'\')')
 2 SYSTEMPATH\Database\BaseConnection.php(825): CodeIgniter\Database\BaseConnection->simpleQuery('INSERT INTO `eleve` (`nom`, `prenom`, `email`, `mdp`, `num_tel`) VALUES (\'Shiomi\', \'Kotone\', \'k.shiomi@atlus.com\', \'$2y$10$yCF.JGWA8hrRKZRRtLAoYudQ9ZhdsnIElJwX3GpnFbwsei5/8UcnS\', \'\')')
 3 SYSTEMPATH\Database\BaseBuilder.php(2343): CodeIgniter\Database\BaseConnection->query('INSERT INTO `eleve` (`nom`, `prenom`, `email`, `mdp`, `num_tel`) VALUES (:nom:, :prenom:, :email:, :mdp:, :num_tel:)', [...], false)
 4 SYSTEMPATH\Model.php(357): CodeIgniter\Database\BaseBuilder->insert()
 5 SYSTEMPATH\BaseModel.php(899): CodeIgniter\Model->doInsert([...])
 6 SYSTEMPATH\Model.php(670): CodeIgniter\BaseModel->insert([...], true)
 7 APPPATH\Controllers\Admin\Student.php(30): CodeIgniter\Model->insert([...])
 8 SYSTEMPATH\CodeIgniter.php(974): App\Controllers\Admin\Student->createStudent()
 9 SYSTEMPATH\CodeIgniter.php(520): CodeIgniter\CodeIgniter->runController(Object(App\Controllers\Admin\Student))
10 SYSTEMPATH\CodeIgniter.php(363): CodeIgniter\CodeIgniter->handleRequest(null, Object(Config\Cache), false)
11 SYSTEMPATH\Boot.php(417): CodeIgniter\CodeIgniter->run()
12 SYSTEMPATH\Boot.php(68): CodeIgniter\Boot::runCodeIgniter(Object(CodeIgniter\CodeIgniter))
13 FCPATH\index.php(23): CodeIgniter\Boot::bootWeb(Object(Config\Paths))
CRITICAL - 2026-06-07 16:30:37 --> [Caused by] mysqli_sql_exception: Duplicate entry '' for key 'num_tel'
in SYSTEMPATH\Database\MySQLi\Connection.php on line 300.
 1 SYSTEMPATH\Database\MySQLi\Connection.php(300): mysqli->query('INSERT INTO `eleve` (`nom`, `prenom`, `email`, `mdp`, `num_tel`) VALUES (\'Shiomi\', \'Kotone\', \'k.shiomi@atlus.com\', \'$2y$10$yCF.JGWA8hrRKZRRtLAoYudQ9ZhdsnIElJwX3GpnFbwsei5/8UcnS\', \'\')', 0)
 2 SYSTEMPATH\Database\BaseConnection.php(908): CodeIgniter\Database\MySQLi\Connection->execute('INSERT INTO `eleve` (`nom`, `prenom`, `email`, `mdp`, `num_tel`) VALUES (\'Shiomi\', \'Kotone\', \'k.shiomi@atlus.com\', \'$2y$10$yCF.JGWA8hrRKZRRtLAoYudQ9ZhdsnIElJwX3GpnFbwsei5/8UcnS\', \'\')')
 3 SYSTEMPATH\Database\BaseConnection.php(825): CodeIgniter\Database\BaseConnection->simpleQuery('INSERT INTO `eleve` (`nom`, `prenom`, `email`, `mdp`, `num_tel`) VALUES (\'Shiomi\', \'Kotone\', \'k.shiomi@atlus.com\', \'$2y$10$yCF.JGWA8hrRKZRRtLAoYudQ9ZhdsnIElJwX3GpnFbwsei5/8UcnS\', \'\')')
 4 SYSTEMPATH\Database\BaseBuilder.php(2343): CodeIgniter\Database\BaseConnection->query('INSERT INTO `eleve` (`nom`, `prenom`, `email`, `mdp`, `num_tel`) VALUES (:nom:, :prenom:, :email:, :mdp:, :num_tel:)', [...], false)
 5 SYSTEMPATH\Model.php(357): CodeIgniter\Database\BaseBuilder->insert()
 6 SYSTEMPATH\BaseModel.php(899): CodeIgniter\Model->doInsert([...])
 7 SYSTEMPATH\Model.php(670): CodeIgniter\BaseModel->insert([...], true)
 8 APPPATH\Controllers\Admin\Student.php(30): CodeIgniter\Model->insert([...])
 9 SYSTEMPATH\CodeIgniter.php(974): App\Controllers\Admin\Student->createStudent()
10 SYSTEMPATH\CodeIgniter.php(520): CodeIgniter\CodeIgniter->runController(Object(App\Controllers\Admin\Student))
11 SYSTEMPATH\CodeIgniter.php(363): CodeIgniter\CodeIgniter->handleRequest(null, Object(Config\Cache), false)
12 SYSTEMPATH\Boot.php(417): CodeIgniter\CodeIgniter->run()
13 SYSTEMPATH\Boot.php(68): CodeIgniter\Boot::runCodeIgniter(Object(CodeIgniter\CodeIgniter))
14 FCPATH\index.php(23): CodeIgniter\Boot::bootWeb(Object(Config\Paths))
WARNING - 2026-06-07 16:31:24 --> [DEPRECATED] password_hash(): Passing null to parameter #1 ($password) of type string is deprecated in APPPATH\Controllers\Admin\Teacher.php on line 44.
 1 APPPATH\Controllers\Admin\Teacher.php(44): password_hash(Object(SensitiveParameterValue), '2y')
 2 SYSTEMPATH\CodeIgniter.php(974): App\Controllers\Admin\Teacher->createTeacher()
 3 SYSTEMPATH\CodeIgniter.php(520): CodeIgniter\CodeIgniter->runController(Object(App\Controllers\Admin\Teacher))
 4 SYSTEMPATH\CodeIgniter.php(363): CodeIgniter\CodeIgniter->handleRequest(null, Object(Config\Cache), false)
 5 SYSTEMPATH\Boot.php(417): CodeIgniter\CodeIgniter->run()
 6 SYSTEMPATH\Boot.php(68): CodeIgniter\Boot::runCodeIgniter(Object(CodeIgniter\CodeIgniter))
 7 FCPATH\index.php(23): CodeIgniter\Boot::bootWeb(Object(Config\Paths))
ERROR - 2026-06-07 16:31:24 --> Column 'nom' cannot be null
in SYSTEMPATH\Database\MySQLi\Connection.php on line 300.
 1 SYSTEMPATH\Database\MySQLi\Connection.php(300): mysqli->query('INSERT INTO `formateur` (`nom`, `prenom`, `email`, `mdp`) VALUES (NULL, NULL, NULL, \'$2y$10$WG.4LoHcxmKdHaiGmthoxuizBeFcDhls11tqhZFefgIOvvrIIhXj.\')', 0)
 2 SYSTEMPATH\Database\BaseConnection.php(908): CodeIgniter\Database\MySQLi\Connection->execute('INSERT INTO `formateur` (`nom`, `prenom`, `email`, `mdp`) VALUES (NULL, NULL, NULL, \'$2y$10$WG.4LoHcxmKdHaiGmthoxuizBeFcDhls11tqhZFefgIOvvrIIhXj.\')')
 3 SYSTEMPATH\Database\BaseConnection.php(825): CodeIgniter\Database\BaseConnection->simpleQuery('INSERT INTO `formateur` (`nom`, `prenom`, `email`, `mdp`) VALUES (NULL, NULL, NULL, \'$2y$10$WG.4LoHcxmKdHaiGmthoxuizBeFcDhls11tqhZFefgIOvvrIIhXj.\')')
 4 SYSTEMPATH\Database\BaseBuilder.php(2343): CodeIgniter\Database\BaseConnection->query('INSERT INTO `formateur` (`nom`, `prenom`, `email`, `mdp`) VALUES (:nom:, :prenom:, :email:, :mdp:)', [...], false)
 5 SYSTEMPATH\Model.php(357): CodeIgniter\Database\BaseBuilder->insert()
 6 SYSTEMPATH\BaseModel.php(899): CodeIgniter\Model->doInsert([...])
 7 SYSTEMPATH\Model.php(670): CodeIgniter\BaseModel->insert([...], true)
 8 APPPATH\Controllers\Admin\Teacher.php(47): CodeIgniter\Model->insert([...])
 9 SYSTEMPATH\CodeIgniter.php(974): App\Controllers\Admin\Teacher->createTeacher()
10 SYSTEMPATH\CodeIgniter.php(520): CodeIgniter\CodeIgniter->runController(Object(App\Controllers\Admin\Teacher))
11 SYSTEMPATH\CodeIgniter.php(363): CodeIgniter\CodeIgniter->handleRequest(null, Object(Config\Cache), false)
12 SYSTEMPATH\Boot.php(417): CodeIgniter\CodeIgniter->run()
13 SYSTEMPATH\Boot.php(68): CodeIgniter\Boot::runCodeIgniter(Object(CodeIgniter\CodeIgniter))
14 FCPATH\index.php(23): CodeIgniter\Boot::bootWeb(Object(Config\Paths))
CRITICAL - 2026-06-07 16:31:24 --> CodeIgniter\Database\Exceptions\DatabaseException: Column 'nom' cannot be null
[Method: POST, Route: admin/teacher/create]
in SYSTEMPATH\Database\BaseConnection.php on line 863.
 1 SYSTEMPATH\Database\BaseBuilder.php(2343): CodeIgniter\Database\BaseConnection->query('INSERT INTO `formateur` (`nom`, `prenom`, `email`, `mdp`) VALUES (:nom:, :prenom:, :email:, :mdp:)', [...], false)
 2 SYSTEMPATH\Model.php(357): CodeIgniter\Database\BaseBuilder->insert()
 3 SYSTEMPATH\BaseModel.php(899): CodeIgniter\Model->doInsert([...])
 4 SYSTEMPATH\Model.php(670): CodeIgniter\BaseModel->insert([...], true)
 5 APPPATH\Controllers\Admin\Teacher.php(47): CodeIgniter\Model->insert([...])
 6 SYSTEMPATH\CodeIgniter.php(974): App\Controllers\Admin\Teacher->createTeacher()
 7 SYSTEMPATH\CodeIgniter.php(520): CodeIgniter\CodeIgniter->runController(Object(App\Controllers\Admin\Teacher))
 8 SYSTEMPATH\CodeIgniter.php(363): CodeIgniter\CodeIgniter->handleRequest(null, Object(Config\Cache), false)
 9 SYSTEMPATH\Boot.php(417): CodeIgniter\CodeIgniter->run()
10 SYSTEMPATH\Boot.php(68): CodeIgniter\Boot::runCodeIgniter(Object(CodeIgniter\CodeIgniter))
11 FCPATH\index.php(23): CodeIgniter\Boot::bootWeb(Object(Config\Paths))
CRITICAL - 2026-06-07 16:31:24 --> [Caused by] CodeIgniter\Database\Exceptions\DatabaseException: Column 'nom' cannot be null
in SYSTEMPATH\Database\MySQLi\Connection.php on line 310.
 1 SYSTEMPATH\Database\BaseConnection.php(908): CodeIgniter\Database\MySQLi\Connection->execute('INSERT INTO `formateur` (`nom`, `prenom`, `email`, `mdp`) VALUES (NULL, NULL, NULL, \'$2y$10$WG.4LoHcxmKdHaiGmthoxuizBeFcDhls11tqhZFefgIOvvrIIhXj.\')')
 2 SYSTEMPATH\Database\BaseConnection.php(825): CodeIgniter\Database\BaseConnection->simpleQuery('INSERT INTO `formateur` (`nom`, `prenom`, `email`, `mdp`) VALUES (NULL, NULL, NULL, \'$2y$10$WG.4LoHcxmKdHaiGmthoxuizBeFcDhls11tqhZFefgIOvvrIIhXj.\')')
 3 SYSTEMPATH\Database\BaseBuilder.php(2343): CodeIgniter\Database\BaseConnection->query('INSERT INTO `formateur` (`nom`, `prenom`, `email`, `mdp`) VALUES (:nom:, :prenom:, :email:, :mdp:)', [...], false)
 4 SYSTEMPATH\Model.php(357): CodeIgniter\Database\BaseBuilder->insert()
 5 SYSTEMPATH\BaseModel.php(899): CodeIgniter\Model->doInsert([...])
 6 SYSTEMPATH\Model.php(670): CodeIgniter\BaseModel->insert([...], true)
 7 APPPATH\Controllers\Admin\Teacher.php(47): CodeIgniter\Model->insert([...])
 8 SYSTEMPATH\CodeIgniter.php(974): App\Controllers\Admin\Teacher->createTeacher()
 9 SYSTEMPATH\CodeIgniter.php(520): CodeIgniter\CodeIgniter->runController(Object(App\Controllers\Admin\Teacher))
10 SYSTEMPATH\CodeIgniter.php(363): CodeIgniter\CodeIgniter->handleRequest(null, Object(Config\Cache), false)
11 SYSTEMPATH\Boot.php(417): CodeIgniter\CodeIgniter->run()
12 SYSTEMPATH\Boot.php(68): CodeIgniter\Boot::runCodeIgniter(Object(CodeIgniter\CodeIgniter))
13 FCPATH\index.php(23): CodeIgniter\Boot::bootWeb(Object(Config\Paths))
CRITICAL - 2026-06-07 16:31:24 --> [Caused by] mysqli_sql_exception: Column 'nom' cannot be null
in SYSTEMPATH\Database\MySQLi\Connection.php on line 300.
 1 SYSTEMPATH\Database\MySQLi\Connection.php(300): mysqli->query('INSERT INTO `formateur` (`nom`, `prenom`, `email`, `mdp`) VALUES (NULL, NULL, NULL, \'$2y$10$WG.4LoHcxmKdHaiGmthoxuizBeFcDhls11tqhZFefgIOvvrIIhXj.\')', 0)
 2 SYSTEMPATH\Database\BaseConnection.php(908): CodeIgniter\Database\MySQLi\Connection->execute('INSERT INTO `formateur` (`nom`, `prenom`, `email`, `mdp`) VALUES (NULL, NULL, NULL, \'$2y$10$WG.4LoHcxmKdHaiGmthoxuizBeFcDhls11tqhZFefgIOvvrIIhXj.\')')
 3 SYSTEMPATH\Database\BaseConnection.php(825): CodeIgniter\Database\BaseConnection->simpleQuery('INSERT INTO `formateur` (`nom`, `prenom`, `email`, `mdp`) VALUES (NULL, NULL, NULL, \'$2y$10$WG.4LoHcxmKdHaiGmthoxuizBeFcDhls11tqhZFefgIOvvrIIhXj.\')')
 4 SYSTEMPATH\Database\BaseBuilder.php(2343): CodeIgniter\Database\BaseConnection->query('INSERT INTO `formateur` (`nom`, `prenom`, `email`, `mdp`) VALUES (:nom:, :prenom:, :email:, :mdp:)', [...], false)
 5 SYSTEMPATH\Model.php(357): CodeIgniter\Database\BaseBuilder->insert()
 6 SYSTEMPATH\BaseModel.php(899): CodeIgniter\Model->doInsert([...])
 7 SYSTEMPATH\Model.php(670): CodeIgniter\BaseModel->insert([...], true)
 8 APPPATH\Controllers\Admin\Teacher.php(47): CodeIgniter\Model->insert([...])
 9 SYSTEMPATH\CodeIgniter.php(974): App\Controllers\Admin\Teacher->createTeacher()
10 SYSTEMPATH\CodeIgniter.php(520): CodeIgniter\CodeIgniter->runController(Object(App\Controllers\Admin\Teacher))
11 SYSTEMPATH\CodeIgniter.php(363): CodeIgniter\CodeIgniter->handleRequest(null, Object(Config\Cache), false)
12 SYSTEMPATH\Boot.php(417): CodeIgniter\CodeIgniter->run()
13 SYSTEMPATH\Boot.php(68): CodeIgniter\Boot::runCodeIgniter(Object(CodeIgniter\CodeIgniter))
14 FCPATH\index.php(23): CodeIgniter\Boot::bootWeb(Object(Config\Paths))
WARNING - 2026-06-07 16:31:40 --> [DEPRECATED] password_hash(): Passing null to parameter #1 ($password) of type string is deprecated in APPPATH\Controllers\Admin\Teacher.php on line 44.
 1 APPPATH\Controllers\Admin\Teacher.php(44): password_hash(Object(SensitiveParameterValue), '2y')
 2 SYSTEMPATH\CodeIgniter.php(974): App\Controllers\Admin\Teacher->createTeacher()
 3 SYSTEMPATH\CodeIgniter.php(520): CodeIgniter\CodeIgniter->runController(Object(App\Controllers\Admin\Teacher))
 4 SYSTEMPATH\CodeIgniter.php(363): CodeIgniter\CodeIgniter->handleRequest(null, Object(Config\Cache), false)
 5 SYSTEMPATH\Boot.php(417): CodeIgniter\CodeIgniter->run()
 6 SYSTEMPATH\Boot.php(68): CodeIgniter\Boot::runCodeIgniter(Object(CodeIgniter\CodeIgniter))
 7 FCPATH\index.php(23): CodeIgniter\Boot::bootWeb(Object(Config\Paths))
ERROR - 2026-06-07 16:31:40 --> Column 'nom' cannot be null
in SYSTEMPATH\Database\MySQLi\Connection.php on line 300.
 1 SYSTEMPATH\Database\MySQLi\Connection.php(300): mysqli->query('INSERT INTO `formateur` (`nom`, `prenom`, `email`, `mdp`) VALUES (NULL, NULL, NULL, \'$2y$10$7xv3dDbK6fMWFNUsUerJHOiuAFqDoBukiDrnt2H0fFX4BpLLJ2MT2\')', 0)
 2 SYSTEMPATH\Database\BaseConnection.php(908): CodeIgniter\Database\MySQLi\Connection->execute('INSERT INTO `formateur` (`nom`, `prenom`, `email`, `mdp`) VALUES (NULL, NULL, NULL, \'$2y$10$7xv3dDbK6fMWFNUsUerJHOiuAFqDoBukiDrnt2H0fFX4BpLLJ2MT2\')')
 3 SYSTEMPATH\Database\BaseConnection.php(825): CodeIgniter\Database\BaseConnection->simpleQuery('INSERT INTO `formateur` (`nom`, `prenom`, `email`, `mdp`) VALUES (NULL, NULL, NULL, \'$2y$10$7xv3dDbK6fMWFNUsUerJHOiuAFqDoBukiDrnt2H0fFX4BpLLJ2MT2\')')
 4 SYSTEMPATH\Database\BaseBuilder.php(2343): CodeIgniter\Database\BaseConnection->query('INSERT INTO `formateur` (`nom`, `prenom`, `email`, `mdp`) VALUES (:nom:, :prenom:, :email:, :mdp:)', [...], false)
 5 SYSTEMPATH\Model.php(357): CodeIgniter\Database\BaseBuilder->insert()
 6 SYSTEMPATH\BaseModel.php(899): CodeIgniter\Model->doInsert([...])
 7 SYSTEMPATH\Model.php(670): CodeIgniter\BaseModel->insert([...], true)
 8 APPPATH\Controllers\Admin\Teacher.php(47): CodeIgniter\Model->insert([...])
 9 SYSTEMPATH\CodeIgniter.php(974): App\Controllers\Admin\Teacher->createTeacher()
10 SYSTEMPATH\CodeIgniter.php(520): CodeIgniter\CodeIgniter->runController(Object(App\Controllers\Admin\Teacher))
11 SYSTEMPATH\CodeIgniter.php(363): CodeIgniter\CodeIgniter->handleRequest(null, Object(Config\Cache), false)
12 SYSTEMPATH\Boot.php(417): CodeIgniter\CodeIgniter->run()
13 SYSTEMPATH\Boot.php(68): CodeIgniter\Boot::runCodeIgniter(Object(CodeIgniter\CodeIgniter))
14 FCPATH\index.php(23): CodeIgniter\Boot::bootWeb(Object(Config\Paths))
CRITICAL - 2026-06-07 16:31:40 --> CodeIgniter\Database\Exceptions\DatabaseException: Column 'nom' cannot be null
[Method: POST, Route: admin/teacher/create]
in SYSTEMPATH\Database\BaseConnection.php on line 863.
 1 SYSTEMPATH\Database\BaseBuilder.php(2343): CodeIgniter\Database\BaseConnection->query('INSERT INTO `formateur` (`nom`, `prenom`, `email`, `mdp`) VALUES (:nom:, :prenom:, :email:, :mdp:)', [...], false)
 2 SYSTEMPATH\Model.php(357): CodeIgniter\Database\BaseBuilder->insert()
 3 SYSTEMPATH\BaseModel.php(899): CodeIgniter\Model->doInsert([...])
 4 SYSTEMPATH\Model.php(670): CodeIgniter\BaseModel->insert([...], true)
 5 APPPATH\Controllers\Admin\Teacher.php(47): CodeIgniter\Model->insert([...])
 6 SYSTEMPATH\CodeIgniter.php(974): App\Controllers\Admin\Teacher->createTeacher()
 7 SYSTEMPATH\CodeIgniter.php(520): CodeIgniter\CodeIgniter->runController(Object(App\Controllers\Admin\Teacher))
 8 SYSTEMPATH\CodeIgniter.php(363): CodeIgniter\CodeIgniter->handleRequest(null, Object(Config\Cache), false)
 9 SYSTEMPATH\Boot.php(417): CodeIgniter\CodeIgniter->run()
10 SYSTEMPATH\Boot.php(68): CodeIgniter\Boot::runCodeIgniter(Object(CodeIgniter\CodeIgniter))
11 FCPATH\index.php(23): CodeIgniter\Boot::bootWeb(Object(Config\Paths))
CRITICAL - 2026-06-07 16:31:40 --> [Caused by] CodeIgniter\Database\Exceptions\DatabaseException: Column 'nom' cannot be null
in SYSTEMPATH\Database\MySQLi\Connection.php on line 310.
 1 SYSTEMPATH\Database\BaseConnection.php(908): CodeIgniter\Database\MySQLi\Connection->execute('INSERT INTO `formateur` (`nom`, `prenom`, `email`, `mdp`) VALUES (NULL, NULL, NULL, \'$2y$10$7xv3dDbK6fMWFNUsUerJHOiuAFqDoBukiDrnt2H0fFX4BpLLJ2MT2\')')
 2 SYSTEMPATH\Database\BaseConnection.php(825): CodeIgniter\Database\BaseConnection->simpleQuery('INSERT INTO `formateur` (`nom`, `prenom`, `email`, `mdp`) VALUES (NULL, NULL, NULL, \'$2y$10$7xv3dDbK6fMWFNUsUerJHOiuAFqDoBukiDrnt2H0fFX4BpLLJ2MT2\')')
 3 SYSTEMPATH\Database\BaseBuilder.php(2343): CodeIgniter\Database\BaseConnection->query('INSERT INTO `formateur` (`nom`, `prenom`, `email`, `mdp`) VALUES (:nom:, :prenom:, :email:, :mdp:)', [...], false)
 4 SYSTEMPATH\Model.php(357): CodeIgniter\Database\BaseBuilder->insert()
 5 SYSTEMPATH\BaseModel.php(899): CodeIgniter\Model->doInsert([...])
 6 SYSTEMPATH\Model.php(670): CodeIgniter\BaseModel->insert([...], true)
 7 APPPATH\Controllers\Admin\Teacher.php(47): CodeIgniter\Model->insert([...])
 8 SYSTEMPATH\CodeIgniter.php(974): App\Controllers\Admin\Teacher->createTeacher()
 9 SYSTEMPATH\CodeIgniter.php(520): CodeIgniter\CodeIgniter->runController(Object(App\Controllers\Admin\Teacher))
10 SYSTEMPATH\CodeIgniter.php(363): CodeIgniter\CodeIgniter->handleRequest(null, Object(Config\Cache), false)
11 SYSTEMPATH\Boot.php(417): CodeIgniter\CodeIgniter->run()
12 SYSTEMPATH\Boot.php(68): CodeIgniter\Boot::runCodeIgniter(Object(CodeIgniter\CodeIgniter))
13 FCPATH\index.php(23): CodeIgniter\Boot::bootWeb(Object(Config\Paths))
CRITICAL - 2026-06-07 16:31:40 --> [Caused by] mysqli_sql_exception: Column 'nom' cannot be null
in SYSTEMPATH\Database\MySQLi\Connection.php on line 300.
 1 SYSTEMPATH\Database\MySQLi\Connection.php(300): mysqli->query('INSERT INTO `formateur` (`nom`, `prenom`, `email`, `mdp`) VALUES (NULL, NULL, NULL, \'$2y$10$7xv3dDbK6fMWFNUsUerJHOiuAFqDoBukiDrnt2H0fFX4BpLLJ2MT2\')', 0)
 2 SYSTEMPATH\Database\BaseConnection.php(908): CodeIgniter\Database\MySQLi\Connection->execute('INSERT INTO `formateur` (`nom`, `prenom`, `email`, `mdp`) VALUES (NULL, NULL, NULL, \'$2y$10$7xv3dDbK6fMWFNUsUerJHOiuAFqDoBukiDrnt2H0fFX4BpLLJ2MT2\')')
 3 SYSTEMPATH\Database\BaseConnection.php(825): CodeIgniter\Database\BaseConnection->simpleQuery('INSERT INTO `formateur` (`nom`, `prenom`, `email`, `mdp`) VALUES (NULL, NULL, NULL, \'$2y$10$7xv3dDbK6fMWFNUsUerJHOiuAFqDoBukiDrnt2H0fFX4BpLLJ2MT2\')')
 4 SYSTEMPATH\Database\BaseBuilder.php(2343): CodeIgniter\Database\BaseConnection->query('INSERT INTO `formateur` (`nom`, `prenom`, `email`, `mdp`) VALUES (:nom:, :prenom:, :email:, :mdp:)', [...], false)
 5 SYSTEMPATH\Model.php(357): CodeIgniter\Database\BaseBuilder->insert()
 6 SYSTEMPATH\BaseModel.php(899): CodeIgniter\Model->doInsert([...])
 7 SYSTEMPATH\Model.php(670): CodeIgniter\BaseModel->insert([...], true)
 8 APPPATH\Controllers\Admin\Teacher.php(47): CodeIgniter\Model->insert([...])
 9 SYSTEMPATH\CodeIgniter.php(974): App\Controllers\Admin\Teacher->createTeacher()
10 SYSTEMPATH\CodeIgniter.php(520): CodeIgniter\CodeIgniter->runController(Object(App\Controllers\Admin\Teacher))
11 SYSTEMPATH\CodeIgniter.php(363): CodeIgniter\CodeIgniter->handleRequest(null, Object(Config\Cache), false)
12 SYSTEMPATH\Boot.php(417): CodeIgniter\CodeIgniter->run()
13 SYSTEMPATH\Boot.php(68): CodeIgniter\Boot::runCodeIgniter(Object(CodeIgniter\CodeIgniter))
14 FCPATH\index.php(23): CodeIgniter\Boot::bootWeb(Object(Config\Paths))
WARNING - 2026-06-07 16:31:41 --> [DEPRECATED] password_hash(): Passing null to parameter #1 ($password) of type string is deprecated in APPPATH\Controllers\Admin\Teacher.php on line 44.
 1 APPPATH\Controllers\Admin\Teacher.php(44): password_hash(Object(SensitiveParameterValue), '2y')
 2 SYSTEMPATH\CodeIgniter.php(974): App\Controllers\Admin\Teacher->createTeacher()
 3 SYSTEMPATH\CodeIgniter.php(520): CodeIgniter\CodeIgniter->runController(Object(App\Controllers\Admin\Teacher))
 4 SYSTEMPATH\CodeIgniter.php(363): CodeIgniter\CodeIgniter->handleRequest(null, Object(Config\Cache), false)
 5 SYSTEMPATH\Boot.php(417): CodeIgniter\CodeIgniter->run()
 6 SYSTEMPATH\Boot.php(68): CodeIgniter\Boot::runCodeIgniter(Object(CodeIgniter\CodeIgniter))
 7 FCPATH\index.php(23): CodeIgniter\Boot::bootWeb(Object(Config\Paths))
ERROR - 2026-06-07 16:31:41 --> Column 'nom' cannot be null
in SYSTEMPATH\Database\MySQLi\Connection.php on line 300.
 1 SYSTEMPATH\Database\MySQLi\Connection.php(300): mysqli->query('INSERT INTO `formateur` (`nom`, `prenom`, `email`, `mdp`) VALUES (NULL, NULL, NULL, \'$2y$10$0HUW0gM/Cjl/U/6FgaEPHexf2KIsR6817G3WCmry3d9CvC.m449TS\')', 0)
 2 SYSTEMPATH\Database\BaseConnection.php(908): CodeIgniter\Database\MySQLi\Connection->execute('INSERT INTO `formateur` (`nom`, `prenom`, `email`, `mdp`) VALUES (NULL, NULL, NULL, \'$2y$10$0HUW0gM/Cjl/U/6FgaEPHexf2KIsR6817G3WCmry3d9CvC.m449TS\')')
 3 SYSTEMPATH\Database\BaseConnection.php(825): CodeIgniter\Database\BaseConnection->simpleQuery('INSERT INTO `formateur` (`nom`, `prenom`, `email`, `mdp`) VALUES (NULL, NULL, NULL, \'$2y$10$0HUW0gM/Cjl/U/6FgaEPHexf2KIsR6817G3WCmry3d9CvC.m449TS\')')
 4 SYSTEMPATH\Database\BaseBuilder.php(2343): CodeIgniter\Database\BaseConnection->query('INSERT INTO `formateur` (`nom`, `prenom`, `email`, `mdp`) VALUES (:nom:, :prenom:, :email:, :mdp:)', [...], false)
 5 SYSTEMPATH\Model.php(357): CodeIgniter\Database\BaseBuilder->insert()
 6 SYSTEMPATH\BaseModel.php(899): CodeIgniter\Model->doInsert([...])
 7 SYSTEMPATH\Model.php(670): CodeIgniter\BaseModel->insert([...], true)
 8 APPPATH\Controllers\Admin\Teacher.php(47): CodeIgniter\Model->insert([...])
 9 SYSTEMPATH\CodeIgniter.php(974): App\Controllers\Admin\Teacher->createTeacher()
10 SYSTEMPATH\CodeIgniter.php(520): CodeIgniter\CodeIgniter->runController(Object(App\Controllers\Admin\Teacher))
11 SYSTEMPATH\CodeIgniter.php(363): CodeIgniter\CodeIgniter->handleRequest(null, Object(Config\Cache), false)
12 SYSTEMPATH\Boot.php(417): CodeIgniter\CodeIgniter->run()
13 SYSTEMPATH\Boot.php(68): CodeIgniter\Boot::runCodeIgniter(Object(CodeIgniter\CodeIgniter))
14 FCPATH\index.php(23): CodeIgniter\Boot::bootWeb(Object(Config\Paths))
CRITICAL - 2026-06-07 16:31:41 --> CodeIgniter\Database\Exceptions\DatabaseException: Column 'nom' cannot be null
[Method: POST, Route: admin/teacher/create]
in SYSTEMPATH\Database\BaseConnection.php on line 863.
 1 SYSTEMPATH\Database\BaseBuilder.php(2343): CodeIgniter\Database\BaseConnection->query('INSERT INTO `formateur` (`nom`, `prenom`, `email`, `mdp`) VALUES (:nom:, :prenom:, :email:, :mdp:)', [...], false)
 2 SYSTEMPATH\Model.php(357): CodeIgniter\Database\BaseBuilder->insert()
 3 SYSTEMPATH\BaseModel.php(899): CodeIgniter\Model->doInsert([...])
 4 SYSTEMPATH\Model.php(670): CodeIgniter\BaseModel->insert([...], true)
 5 APPPATH\Controllers\Admin\Teacher.php(47): CodeIgniter\Model->insert([...])
 6 SYSTEMPATH\CodeIgniter.php(974): App\Controllers\Admin\Teacher->createTeacher()
 7 SYSTEMPATH\CodeIgniter.php(520): CodeIgniter\CodeIgniter->runController(Object(App\Controllers\Admin\Teacher))
 8 SYSTEMPATH\CodeIgniter.php(363): CodeIgniter\CodeIgniter->handleRequest(null, Object(Config\Cache), false)
 9 SYSTEMPATH\Boot.php(417): CodeIgniter\CodeIgniter->run()
10 SYSTEMPATH\Boot.php(68): CodeIgniter\Boot::runCodeIgniter(Object(CodeIgniter\CodeIgniter))
11 FCPATH\index.php(23): CodeIgniter\Boot::bootWeb(Object(Config\Paths))
CRITICAL - 2026-06-07 16:31:41 --> [Caused by] CodeIgniter\Database\Exceptions\DatabaseException: Column 'nom' cannot be null
in SYSTEMPATH\Database\MySQLi\Connection.php on line 310.
 1 SYSTEMPATH\Database\BaseConnection.php(908): CodeIgniter\Database\MySQLi\Connection->execute('INSERT INTO `formateur` (`nom`, `prenom`, `email`, `mdp`) VALUES (NULL, NULL, NULL, \'$2y$10$0HUW0gM/Cjl/U/6FgaEPHexf2KIsR6817G3WCmry3d9CvC.m449TS\')')
 2 SYSTEMPATH\Database\BaseConnection.php(825): CodeIgniter\Database\BaseConnection->simpleQuery('INSERT INTO `formateur` (`nom`, `prenom`, `email`, `mdp`) VALUES (NULL, NULL, NULL, \'$2y$10$0HUW0gM/Cjl/U/6FgaEPHexf2KIsR6817G3WCmry3d9CvC.m449TS\')')
 3 SYSTEMPATH\Database\BaseBuilder.php(2343): CodeIgniter\Database\BaseConnection->query('INSERT INTO `formateur` (`nom`, `prenom`, `email`, `mdp`) VALUES (:nom:, :prenom:, :email:, :mdp:)', [...], false)
 4 SYSTEMPATH\Model.php(357): CodeIgniter\Database\BaseBuilder->insert()
 5 SYSTEMPATH\BaseModel.php(899): CodeIgniter\Model->doInsert([...])
 6 SYSTEMPATH\Model.php(670): CodeIgniter\BaseModel->insert([...], true)
 7 APPPATH\Controllers\Admin\Teacher.php(47): CodeIgniter\Model->insert([...])
 8 SYSTEMPATH\CodeIgniter.php(974): App\Controllers\Admin\Teacher->createTeacher()
 9 SYSTEMPATH\CodeIgniter.php(520): CodeIgniter\CodeIgniter->runController(Object(App\Controllers\Admin\Teacher))
10 SYSTEMPATH\CodeIgniter.php(363): CodeIgniter\CodeIgniter->handleRequest(null, Object(Config\Cache), false)
11 SYSTEMPATH\Boot.php(417): CodeIgniter\CodeIgniter->run()
12 SYSTEMPATH\Boot.php(68): CodeIgniter\Boot::runCodeIgniter(Object(CodeIgniter\CodeIgniter))
13 FCPATH\index.php(23): CodeIgniter\Boot::bootWeb(Object(Config\Paths))
CRITICAL - 2026-06-07 16:31:41 --> [Caused by] mysqli_sql_exception: Column 'nom' cannot be null
in SYSTEMPATH\Database\MySQLi\Connection.php on line 300.
 1 SYSTEMPATH\Database\MySQLi\Connection.php(300): mysqli->query('INSERT INTO `formateur` (`nom`, `prenom`, `email`, `mdp`) VALUES (NULL, NULL, NULL, \'$2y$10$0HUW0gM/Cjl/U/6FgaEPHexf2KIsR6817G3WCmry3d9CvC.m449TS\')', 0)
 2 SYSTEMPATH\Database\BaseConnection.php(908): CodeIgniter\Database\MySQLi\Connection->execute('INSERT INTO `formateur` (`nom`, `prenom`, `email`, `mdp`) VALUES (NULL, NULL, NULL, \'$2y$10$0HUW0gM/Cjl/U/6FgaEPHexf2KIsR6817G3WCmry3d9CvC.m449TS\')')
 3 SYSTEMPATH\Database\BaseConnection.php(825): CodeIgniter\Database\BaseConnection->simpleQuery('INSERT INTO `formateur` (`nom`, `prenom`, `email`, `mdp`) VALUES (NULL, NULL, NULL, \'$2y$10$0HUW0gM/Cjl/U/6FgaEPHexf2KIsR6817G3WCmry3d9CvC.m449TS\')')
 4 SYSTEMPATH\Database\BaseBuilder.php(2343): CodeIgniter\Database\BaseConnection->query('INSERT INTO `formateur` (`nom`, `prenom`, `email`, `mdp`) VALUES (:nom:, :prenom:, :email:, :mdp:)', [...], false)
 5 SYSTEMPATH\Model.php(357): CodeIgniter\Database\BaseBuilder->insert()
 6 SYSTEMPATH\BaseModel.php(899): CodeIgniter\Model->doInsert([...])
 7 SYSTEMPATH\Model.php(670): CodeIgniter\BaseModel->insert([...], true)
 8 APPPATH\Controllers\Admin\Teacher.php(47): CodeIgniter\Model->insert([...])
 9 SYSTEMPATH\CodeIgniter.php(974): App\Controllers\Admin\Teacher->createTeacher()
10 SYSTEMPATH\CodeIgniter.php(520): CodeIgniter\CodeIgniter->runController(Object(App\Controllers\Admin\Teacher))
11 SYSTEMPATH\CodeIgniter.php(363): CodeIgniter\CodeIgniter->handleRequest(null, Object(Config\Cache), false)
12 SYSTEMPATH\Boot.php(417): CodeIgniter\CodeIgniter->run()
13 SYSTEMPATH\Boot.php(68): CodeIgniter\Boot::runCodeIgniter(Object(CodeIgniter\CodeIgniter))
14 FCPATH\index.php(23): CodeIgniter\Boot::bootWeb(Object(Config\Paths))
WARNING - 2026-06-07 16:31:41 --> [DEPRECATED] password_hash(): Passing null to parameter #1 ($password) of type string is deprecated in APPPATH\Controllers\Admin\Teacher.php on line 44.
 1 APPPATH\Controllers\Admin\Teacher.php(44): password_hash(Object(SensitiveParameterValue), '2y')
 2 SYSTEMPATH\CodeIgniter.php(974): App\Controllers\Admin\Teacher->createTeacher()
 3 SYSTEMPATH\CodeIgniter.php(520): CodeIgniter\CodeIgniter->runController(Object(App\Controllers\Admin\Teacher))
 4 SYSTEMPATH\CodeIgniter.php(363): CodeIgniter\CodeIgniter->handleRequest(null, Object(Config\Cache), false)
 5 SYSTEMPATH\Boot.php(417): CodeIgniter\CodeIgniter->run()
 6 SYSTEMPATH\Boot.php(68): CodeIgniter\Boot::runCodeIgniter(Object(CodeIgniter\CodeIgniter))
 7 FCPATH\index.php(23): CodeIgniter\Boot::bootWeb(Object(Config\Paths))
ERROR - 2026-06-07 16:31:41 --> Column 'nom' cannot be null
in SYSTEMPATH\Database\MySQLi\Connection.php on line 300.
 1 SYSTEMPATH\Database\MySQLi\Connection.php(300): mysqli->query('INSERT INTO `formateur` (`nom`, `prenom`, `email`, `mdp`) VALUES (NULL, NULL, NULL, \'$2y$10$eCXn1dULZJByRWHcY3jywuRkJhaXW3DEN5a0JK2OOXOEBYHVWlrTa\')', 0)
 2 SYSTEMPATH\Database\BaseConnection.php(908): CodeIgniter\Database\MySQLi\Connection->execute('INSERT INTO `formateur` (`nom`, `prenom`, `email`, `mdp`) VALUES (NULL, NULL, NULL, \'$2y$10$eCXn1dULZJByRWHcY3jywuRkJhaXW3DEN5a0JK2OOXOEBYHVWlrTa\')')
 3 SYSTEMPATH\Database\BaseConnection.php(825): CodeIgniter\Database\BaseConnection->simpleQuery('INSERT INTO `formateur` (`nom`, `prenom`, `email`, `mdp`) VALUES (NULL, NULL, NULL, \'$2y$10$eCXn1dULZJByRWHcY3jywuRkJhaXW3DEN5a0JK2OOXOEBYHVWlrTa\')')
 4 SYSTEMPATH\Database\BaseBuilder.php(2343): CodeIgniter\Database\BaseConnection->query('INSERT INTO `formateur` (`nom`, `prenom`, `email`, `mdp`) VALUES (:nom:, :prenom:, :email:, :mdp:)', [...], false)
 5 SYSTEMPATH\Model.php(357): CodeIgniter\Database\BaseBuilder->insert()
 6 SYSTEMPATH\BaseModel.php(899): CodeIgniter\Model->doInsert([...])
 7 SYSTEMPATH\Model.php(670): CodeIgniter\BaseModel->insert([...], true)
 8 APPPATH\Controllers\Admin\Teacher.php(47): CodeIgniter\Model->insert([...])
 9 SYSTEMPATH\CodeIgniter.php(974): App\Controllers\Admin\Teacher->createTeacher()
10 SYSTEMPATH\CodeIgniter.php(520): CodeIgniter\CodeIgniter->runController(Object(App\Controllers\Admin\Teacher))
11 SYSTEMPATH\CodeIgniter.php(363): CodeIgniter\CodeIgniter->handleRequest(null, Object(Config\Cache), false)
12 SYSTEMPATH\Boot.php(417): CodeIgniter\CodeIgniter->run()
13 SYSTEMPATH\Boot.php(68): CodeIgniter\Boot::runCodeIgniter(Object(CodeIgniter\CodeIgniter))
14 FCPATH\index.php(23): CodeIgniter\Boot::bootWeb(Object(Config\Paths))
CRITICAL - 2026-06-07 16:31:41 --> CodeIgniter\Database\Exceptions\DatabaseException: Column 'nom' cannot be null
[Method: POST, Route: admin/teacher/create]
in SYSTEMPATH\Database\BaseConnection.php on line 863.
 1 SYSTEMPATH\Database\BaseBuilder.php(2343): CodeIgniter\Database\BaseConnection->query('INSERT INTO `formateur` (`nom`, `prenom`, `email`, `mdp`) VALUES (:nom:, :prenom:, :email:, :mdp:)', [...], false)
 2 SYSTEMPATH\Model.php(357): CodeIgniter\Database\BaseBuilder->insert()
 3 SYSTEMPATH\BaseModel.php(899): CodeIgniter\Model->doInsert([...])
 4 SYSTEMPATH\Model.php(670): CodeIgniter\BaseModel->insert([...], true)
 5 APPPATH\Controllers\Admin\Teacher.php(47): CodeIgniter\Model->insert([...])
 6 SYSTEMPATH\CodeIgniter.php(974): App\Controllers\Admin\Teacher->createTeacher()
 7 SYSTEMPATH\CodeIgniter.php(520): CodeIgniter\CodeIgniter->runController(Object(App\Controllers\Admin\Teacher))
 8 SYSTEMPATH\CodeIgniter.php(363): CodeIgniter\CodeIgniter->handleRequest(null, Object(Config\Cache), false)
 9 SYSTEMPATH\Boot.php(417): CodeIgniter\CodeIgniter->run()
10 SYSTEMPATH\Boot.php(68): CodeIgniter\Boot::runCodeIgniter(Object(CodeIgniter\CodeIgniter))
11 FCPATH\index.php(23): CodeIgniter\Boot::bootWeb(Object(Config\Paths))
CRITICAL - 2026-06-07 16:31:41 --> [Caused by] CodeIgniter\Database\Exceptions\DatabaseException: Column 'nom' cannot be null
in SYSTEMPATH\Database\MySQLi\Connection.php on line 310.
 1 SYSTEMPATH\Database\BaseConnection.php(908): CodeIgniter\Database\MySQLi\Connection->execute('INSERT INTO `formateur` (`nom`, `prenom`, `email`, `mdp`) VALUES (NULL, NULL, NULL, \'$2y$10$eCXn1dULZJByRWHcY3jywuRkJhaXW3DEN5a0JK2OOXOEBYHVWlrTa\')')
 2 SYSTEMPATH\Database\BaseConnection.php(825): CodeIgniter\Database\BaseConnection->simpleQuery('INSERT INTO `formateur` (`nom`, `prenom`, `email`, `mdp`) VALUES (NULL, NULL, NULL, \'$2y$10$eCXn1dULZJByRWHcY3jywuRkJhaXW3DEN5a0JK2OOXOEBYHVWlrTa\')')
 3 SYSTEMPATH\Database\BaseBuilder.php(2343): CodeIgniter\Database\BaseConnection->query('INSERT INTO `formateur` (`nom`, `prenom`, `email`, `mdp`) VALUES (:nom:, :prenom:, :email:, :mdp:)', [...], false)
 4 SYSTEMPATH\Model.php(357): CodeIgniter\Database\BaseBuilder->insert()
 5 SYSTEMPATH\BaseModel.php(899): CodeIgniter\Model->doInsert([...])
 6 SYSTEMPATH\Model.php(670): CodeIgniter\BaseModel->insert([...], true)
 7 APPPATH\Controllers\Admin\Teacher.php(47): CodeIgniter\Model->insert([...])
 8 SYSTEMPATH\CodeIgniter.php(974): App\Controllers\Admin\Teacher->createTeacher()
 9 SYSTEMPATH\CodeIgniter.php(520): CodeIgniter\CodeIgniter->runController(Object(App\Controllers\Admin\Teacher))
10 SYSTEMPATH\CodeIgniter.php(363): CodeIgniter\CodeIgniter->handleRequest(null, Object(Config\Cache), false)
11 SYSTEMPATH\Boot.php(417): CodeIgniter\CodeIgniter->run()
12 SYSTEMPATH\Boot.php(68): CodeIgniter\Boot::runCodeIgniter(Object(CodeIgniter\CodeIgniter))
13 FCPATH\index.php(23): CodeIgniter\Boot::bootWeb(Object(Config\Paths))
CRITICAL - 2026-06-07 16:31:41 --> [Caused by] mysqli_sql_exception: Column 'nom' cannot be null
in SYSTEMPATH\Database\MySQLi\Connection.php on line 300.
 1 SYSTEMPATH\Database\MySQLi\Connection.php(300): mysqli->query('INSERT INTO `formateur` (`nom`, `prenom`, `email`, `mdp`) VALUES (NULL, NULL, NULL, \'$2y$10$eCXn1dULZJByRWHcY3jywuRkJhaXW3DEN5a0JK2OOXOEBYHVWlrTa\')', 0)
 2 SYSTEMPATH\Database\BaseConnection.php(908): CodeIgniter\Database\MySQLi\Connection->execute('INSERT INTO `formateur` (`nom`, `prenom`, `email`, `mdp`) VALUES (NULL, NULL, NULL, \'$2y$10$eCXn1dULZJByRWHcY3jywuRkJhaXW3DEN5a0JK2OOXOEBYHVWlrTa\')')
 3 SYSTEMPATH\Database\BaseConnection.php(825): CodeIgniter\Database\BaseConnection->simpleQuery('INSERT INTO `formateur` (`nom`, `prenom`, `email`, `mdp`) VALUES (NULL, NULL, NULL, \'$2y$10$eCXn1dULZJByRWHcY3jywuRkJhaXW3DEN5a0JK2OOXOEBYHVWlrTa\')')
 4 SYSTEMPATH\Database\BaseBuilder.php(2343): CodeIgniter\Database\BaseConnection->query('INSERT INTO `formateur` (`nom`, `prenom`, `email`, `mdp`) VALUES (:nom:, :prenom:, :email:, :mdp:)', [...], false)
 5 SYSTEMPATH\Model.php(357): CodeIgniter\Database\BaseBuilder->insert()
 6 SYSTEMPATH\BaseModel.php(899): CodeIgniter\Model->doInsert([...])
 7 SYSTEMPATH\Model.php(670): CodeIgniter\BaseModel->insert([...], true)
 8 APPPATH\Controllers\Admin\Teacher.php(47): CodeIgniter\Model->insert([...])
 9 SYSTEMPATH\CodeIgniter.php(974): App\Controllers\Admin\Teacher->createTeacher()
10 SYSTEMPATH\CodeIgniter.php(520): CodeIgniter\CodeIgniter->runController(Object(App\Controllers\Admin\Teacher))
11 SYSTEMPATH\CodeIgniter.php(363): CodeIgniter\CodeIgniter->handleRequest(null, Object(Config\Cache), false)
12 SYSTEMPATH\Boot.php(417): CodeIgniter\CodeIgniter->run()
13 SYSTEMPATH\Boot.php(68): CodeIgniter\Boot::runCodeIgniter(Object(CodeIgniter\CodeIgniter))
14 FCPATH\index.php(23): CodeIgniter\Boot::bootWeb(Object(Config\Paths))
WARNING - 2026-06-07 16:31:43 --> [DEPRECATED] password_hash(): Passing null to parameter #1 ($password) of type string is deprecated in APPPATH\Controllers\Admin\Teacher.php on line 44.
 1 APPPATH\Controllers\Admin\Teacher.php(44): password_hash(Object(SensitiveParameterValue), '2y')
 2 SYSTEMPATH\CodeIgniter.php(974): App\Controllers\Admin\Teacher->createTeacher()
 3 SYSTEMPATH\CodeIgniter.php(520): CodeIgniter\CodeIgniter->runController(Object(App\Controllers\Admin\Teacher))
 4 SYSTEMPATH\CodeIgniter.php(363): CodeIgniter\CodeIgniter->handleRequest(null, Object(Config\Cache), false)
 5 SYSTEMPATH\Boot.php(417): CodeIgniter\CodeIgniter->run()
 6 SYSTEMPATH\Boot.php(68): CodeIgniter\Boot::runCodeIgniter(Object(CodeIgniter\CodeIgniter))
 7 FCPATH\index.php(23): CodeIgniter\Boot::bootWeb(Object(Config\Paths))
ERROR - 2026-06-07 16:31:43 --> Column 'nom' cannot be null
in SYSTEMPATH\Database\MySQLi\Connection.php on line 300.
 1 SYSTEMPATH\Database\MySQLi\Connection.php(300): mysqli->query('INSERT INTO `formateur` (`nom`, `prenom`, `email`, `mdp`) VALUES (NULL, NULL, NULL, \'$2y$10$HVzo1v62CtY03NQ8LiC9LeqQQAiAVJa6eUxKtWp7Ey.ZC9O2WLLfq\')', 0)
 2 SYSTEMPATH\Database\BaseConnection.php(908): CodeIgniter\Database\MySQLi\Connection->execute('INSERT INTO `formateur` (`nom`, `prenom`, `email`, `mdp`) VALUES (NULL, NULL, NULL, \'$2y$10$HVzo1v62CtY03NQ8LiC9LeqQQAiAVJa6eUxKtWp7Ey.ZC9O2WLLfq\')')
 3 SYSTEMPATH\Database\BaseConnection.php(825): CodeIgniter\Database\BaseConnection->simpleQuery('INSERT INTO `formateur` (`nom`, `prenom`, `email`, `mdp`) VALUES (NULL, NULL, NULL, \'$2y$10$HVzo1v62CtY03NQ8LiC9LeqQQAiAVJa6eUxKtWp7Ey.ZC9O2WLLfq\')')
 4 SYSTEMPATH\Database\BaseBuilder.php(2343): CodeIgniter\Database\BaseConnection->query('INSERT INTO `formateur` (`nom`, `prenom`, `email`, `mdp`) VALUES (:nom:, :prenom:, :email:, :mdp:)', [...], false)
 5 SYSTEMPATH\Model.php(357): CodeIgniter\Database\BaseBuilder->insert()
 6 SYSTEMPATH\BaseModel.php(899): CodeIgniter\Model->doInsert([...])
 7 SYSTEMPATH\Model.php(670): CodeIgniter\BaseModel->insert([...], true)
 8 APPPATH\Controllers\Admin\Teacher.php(47): CodeIgniter\Model->insert([...])
 9 SYSTEMPATH\CodeIgniter.php(974): App\Controllers\Admin\Teacher->createTeacher()
10 SYSTEMPATH\CodeIgniter.php(520): CodeIgniter\CodeIgniter->runController(Object(App\Controllers\Admin\Teacher))
11 SYSTEMPATH\CodeIgniter.php(363): CodeIgniter\CodeIgniter->handleRequest(null, Object(Config\Cache), false)
12 SYSTEMPATH\Boot.php(417): CodeIgniter\CodeIgniter->run()
13 SYSTEMPATH\Boot.php(68): CodeIgniter\Boot::runCodeIgniter(Object(CodeIgniter\CodeIgniter))
14 FCPATH\index.php(23): CodeIgniter\Boot::bootWeb(Object(Config\Paths))
CRITICAL - 2026-06-07 16:31:43 --> CodeIgniter\Database\Exceptions\DatabaseException: Column 'nom' cannot be null
[Method: POST, Route: admin/teacher/create]
in SYSTEMPATH\Database\BaseConnection.php on line 863.
 1 SYSTEMPATH\Database\BaseBuilder.php(2343): CodeIgniter\Database\BaseConnection->query('INSERT INTO `formateur` (`nom`, `prenom`, `email`, `mdp`) VALUES (:nom:, :prenom:, :email:, :mdp:)', [...], false)
 2 SYSTEMPATH\Model.php(357): CodeIgniter\Database\BaseBuilder->insert()
 3 SYSTEMPATH\BaseModel.php(899): CodeIgniter\Model->doInsert([...])
 4 SYSTEMPATH\Model.php(670): CodeIgniter\BaseModel->insert([...], true)
 5 APPPATH\Controllers\Admin\Teacher.php(47): CodeIgniter\Model->insert([...])
 6 SYSTEMPATH\CodeIgniter.php(974): App\Controllers\Admin\Teacher->createTeacher()
 7 SYSTEMPATH\CodeIgniter.php(520): CodeIgniter\CodeIgniter->runController(Object(App\Controllers\Admin\Teacher))
 8 SYSTEMPATH\CodeIgniter.php(363): CodeIgniter\CodeIgniter->handleRequest(null, Object(Config\Cache), false)
 9 SYSTEMPATH\Boot.php(417): CodeIgniter\CodeIgniter->run()
10 SYSTEMPATH\Boot.php(68): CodeIgniter\Boot::runCodeIgniter(Object(CodeIgniter\CodeIgniter))
11 FCPATH\index.php(23): CodeIgniter\Boot::bootWeb(Object(Config\Paths))
CRITICAL - 2026-06-07 16:31:43 --> [Caused by] CodeIgniter\Database\Exceptions\DatabaseException: Column 'nom' cannot be null
in SYSTEMPATH\Database\MySQLi\Connection.php on line 310.
 1 SYSTEMPATH\Database\BaseConnection.php(908): CodeIgniter\Database\MySQLi\Connection->execute('INSERT INTO `formateur` (`nom`, `prenom`, `email`, `mdp`) VALUES (NULL, NULL, NULL, \'$2y$10$HVzo1v62CtY03NQ8LiC9LeqQQAiAVJa6eUxKtWp7Ey.ZC9O2WLLfq\')')
 2 SYSTEMPATH\Database\BaseConnection.php(825): CodeIgniter\Database\BaseConnection->simpleQuery('INSERT INTO `formateur` (`nom`, `prenom`, `email`, `mdp`) VALUES (NULL, NULL, NULL, \'$2y$10$HVzo1v62CtY03NQ8LiC9LeqQQAiAVJa6eUxKtWp7Ey.ZC9O2WLLfq\')')
 3 SYSTEMPATH\Database\BaseBuilder.php(2343): CodeIgniter\Database\BaseConnection->query('INSERT INTO `formateur` (`nom`, `prenom`, `email`, `mdp`) VALUES (:nom:, :prenom:, :email:, :mdp:)', [...], false)
 4 SYSTEMPATH\Model.php(357): CodeIgniter\Database\BaseBuilder->insert()
 5 SYSTEMPATH\BaseModel.php(899): CodeIgniter\Model->doInsert([...])
 6 SYSTEMPATH\Model.php(670): CodeIgniter\BaseModel->insert([...], true)
 7 APPPATH\Controllers\Admin\Teacher.php(47): CodeIgniter\Model->insert([...])
 8 SYSTEMPATH\CodeIgniter.php(974): App\Controllers\Admin\Teacher->createTeacher()
 9 SYSTEMPATH\CodeIgniter.php(520): CodeIgniter\CodeIgniter->runController(Object(App\Controllers\Admin\Teacher))
10 SYSTEMPATH\CodeIgniter.php(363): CodeIgniter\CodeIgniter->handleRequest(null, Object(Config\Cache), false)
11 SYSTEMPATH\Boot.php(417): CodeIgniter\CodeIgniter->run()
12 SYSTEMPATH\Boot.php(68): CodeIgniter\Boot::runCodeIgniter(Object(CodeIgniter\CodeIgniter))
13 FCPATH\index.php(23): CodeIgniter\Boot::bootWeb(Object(Config\Paths))
CRITICAL - 2026-06-07 16:31:43 --> [Caused by] mysqli_sql_exception: Column 'nom' cannot be null
in SYSTEMPATH\Database\MySQLi\Connection.php on line 300.
 1 SYSTEMPATH\Database\MySQLi\Connection.php(300): mysqli->query('INSERT INTO `formateur` (`nom`, `prenom`, `email`, `mdp`) VALUES (NULL, NULL, NULL, \'$2y$10$HVzo1v62CtY03NQ8LiC9LeqQQAiAVJa6eUxKtWp7Ey.ZC9O2WLLfq\')', 0)
 2 SYSTEMPATH\Database\BaseConnection.php(908): CodeIgniter\Database\MySQLi\Connection->execute('INSERT INTO `formateur` (`nom`, `prenom`, `email`, `mdp`) VALUES (NULL, NULL, NULL, \'$2y$10$HVzo1v62CtY03NQ8LiC9LeqQQAiAVJa6eUxKtWp7Ey.ZC9O2WLLfq\')')
 3 SYSTEMPATH\Database\BaseConnection.php(825): CodeIgniter\Database\BaseConnection->simpleQuery('INSERT INTO `formateur` (`nom`, `prenom`, `email`, `mdp`) VALUES (NULL, NULL, NULL, \'$2y$10$HVzo1v62CtY03NQ8LiC9LeqQQAiAVJa6eUxKtWp7Ey.ZC9O2WLLfq\')')
 4 SYSTEMPATH\Database\BaseBuilder.php(2343): CodeIgniter\Database\BaseConnection->query('INSERT INTO `formateur` (`nom`, `prenom`, `email`, `mdp`) VALUES (:nom:, :prenom:, :email:, :mdp:)', [...], false)
 5 SYSTEMPATH\Model.php(357): CodeIgniter\Database\BaseBuilder->insert()
 6 SYSTEMPATH\BaseModel.php(899): CodeIgniter\Model->doInsert([...])
 7 SYSTEMPATH\Model.php(670): CodeIgniter\BaseModel->insert([...], true)
 8 APPPATH\Controllers\Admin\Teacher.php(47): CodeIgniter\Model->insert([...])
 9 SYSTEMPATH\CodeIgniter.php(974): App\Controllers\Admin\Teacher->createTeacher()
10 SYSTEMPATH\CodeIgniter.php(520): CodeIgniter\CodeIgniter->runController(Object(App\Controllers\Admin\Teacher))
11 SYSTEMPATH\CodeIgniter.php(363): CodeIgniter\CodeIgniter->handleRequest(null, Object(Config\Cache), false)
12 SYSTEMPATH\Boot.php(417): CodeIgniter\CodeIgniter->run()
13 SYSTEMPATH\Boot.php(68): CodeIgniter\Boot::runCodeIgniter(Object(CodeIgniter\CodeIgniter))
14 FCPATH\index.php(23): CodeIgniter\Boot::bootWeb(Object(Config\Paths))
DEBUG - 2026-06-07 16:35:25 --> Session: Class initialized using 'CodeIgniter\Session\Handlers\FileHandler' driver.
DEBUG - 2026-06-07 16:35:31 --> Session: Class initialized using 'CodeIgniter\Session\Handlers\FileHandler' driver.
